<?xml version="1.0" encoding="UTF-8"?>
<testng-results ignored="0" total="2" passed="2" failed="0" skipped="0">
  <reporter-output>
  </reporter-output>
  <suite started-at="2022-08-17T15:06:04 IST" name="Default suite" finished-at="2022-08-17T15:06:05 IST" duration-ms="1252">
    <groups>
    </groups>
    <test started-at="2022-08-17T15:06:04 IST" name="Default test" finished-at="2022-08-17T15:06:05 IST" duration-ms="1252">
      <class name="maven.FristProject">
        <test-method signature="tMethod1()[pri:1, instance:maven.FristProject@5495333e]" started-at="2022-08-17T15:06:04 IST" name="tMethod1" finished-at="2022-08-17T15:06:04 IST" duration-ms="632" status="PASS">
          <reporter-output>
          </reporter-output>
        </test-method> <!-- tMethod1 -->
        <test-method signature="tMethod2()[pri:2, instance:maven.FristProject@5495333e]" started-at="2022-08-17T15:06:05 IST" name="tMethod2" finished-at="2022-08-17T15:06:05 IST" duration-ms="14" status="PASS">
          <reporter-output>
          </reporter-output>
        </test-method> <!-- tMethod2 -->
      </class> <!-- maven.FristProject -->
    </test> <!-- Default test -->
  </suite> <!-- Default suite -->
</testng-results>
